<?xml version="1.0" encoding="UTF-8"?>
<!-- Generated by org.testng.reporters.JUnitReportReporter -->
<testsuite skipped="0" hostname="mohammads-MBP.home" name="com.tests.LoginTest" tests="2" failures="0" timestamp="2020-04-23T02:59:29 EDT" time="17.999" errors="0">
  <testcase name="freeCRMTitle" time="8.863" classname="com.tests.LoginTest"/>
  <system-out/>
  <testcase name="freeCRmLogoTest" time="9.136" classname="com.tests.LoginTest"/>
  <system-out/>
</testsuite> <!-- com.tests.LoginTest -->
