<?xml version="1.0" encoding="UTF-8"?>
<!-- Generated by org.testng.reporters.JUnitReportReporter -->
<testsuite hostname="mohammads-MBP.home" failures="0" tests="2" name="com.tests.LoginTest" time="9.555" errors="0" timestamp="2020-04-23T03:01:08 EDT" skipped="0">
  <testcase classname="com.tests.LoginTest" name="freeCRMTitle" time="5.051"/>
  <system-out/>
  <testcase classname="com.tests.LoginTest" name="freeCRmLogoTest" time="4.504"/>
  <system-out/>
</testsuite> <!-- com.tests.LoginTest -->
